1. Создать индекс к какой-либо из таблиц вашей БД

Индекс для поиска по наименованию в таблице "Ели".

create index ind_spruce_name on catalogs.spruce(name_spruce);
analyze catalogs.spruce;

![Индекс для поиска](Создание%20индекса%20name.png)

2. Прислать текстом результат команды explain, в которой используется данный индекс

Чтобы использовался индекс для поиска, нужно было изменить стоимость случайного поиска.

explain select * from catalogs.spruce where name_spruce = 'Сосна1';

Результат:
Index Scan using ind_spruce_name on spruce  (cost=0.14..2.66 rows=1 width=52)
Index Cond: ((name_spruce)::text = 'Сосна1'::text)

![Результат поиска](Индекс%20name.png)

3. Реализовать индекс для полнотекстового поиска

Создать новое поле name_lexeme с типом данных tsvector в таблице "Ели"

alter table catalogs.spruce add column name_lexeme tsvector;
update catalogs.spruce
set name_lexeme = to_tsvector(name_spruce)
where id_spruce < '50'

--Поиск без индекса:

explain select id_spruce, name_spruce from catalogs.spruce where name_lexeme @@ to_tsquery('ель');

Результат:
Seq Scan on spruce  (cost=0.00..73.88 rows=1 width=31)

![Поиск без индекса](Поиск%20без%20индекса.png)

--Создаем индекс search_index_title

CREATE INDEX search_index_title ON catalogs.spruce USING GIN (name_lexeme);
analyze catalogs.spruce;
explain select id_spruce, name_spruce from catalogs.spruce where name_lexeme @@ to_tsquery('ель');

Результат: Поиск происходит быстрее
Bitmap Heap Scan on spruce  (cost=2.76..4.27 rows=1 width=31)

![Поиск с индексом](Поиск%20с%20индексом.png)

4. Реализовать индекс на часть таблицы или индекс на поле с функцией

--Создание частичного индекса

create index availability_zak on catalogs.year_symbol(availability) where availability = 'Заказано';
analyze catalogs.year_symbol;

explain select count(1) from catalogs.year_symbol where availability = 'Заказано';

Результат:
  ->  Index Only Scan using availability_zak on year_symbol  (cost=0.13..4.83 rows=7 width=0)

![Частичный индекс](Частичный%20индекс.png)


5. Создать индекс на несколько полей

Индекс по поиску наименования и цены.

create index ind_spruce_name_price on catalogs.spruce(name_spruce, price);
analyze catalogs.spruce;

explain select * from catalogs.spruce where name_spruce = 'Ель' and price = 3578;

![Поиск по составному индексу](Поиск%20по%20составному%20индексу.png)

